18:13:07 INFO  : Launching XSDB server: xsdb.bat C:/Xilinx/SDK/2015.4/scripts/xsdb/xsdb/xsdb-server.tcl
18:13:10 INFO  : XSDB server has started successfully.
18:13:14 INFO  : Processing command line option -hwspec M:/MZ_7010_Basic_System/MZ_Basic_System.sdk/mz_basic_system_top.hdf.
18:13:15 INFO  : Checking for hwspec changes in the project mz_basic_system_top_hw_platform_0.
18:13:56 INFO  : Launching XSDB server: xsdb.bat C:/Xilinx/SDK/2015.4/scripts/xsdb/xsdb/xsdb-server.tcl
18:13:58 INFO  : XSDB server has started successfully.
18:13:58 INFO  : Processing command line option -hwspec M:/MZ_7010_Basic_System/MZ_Basic_System.sdk/mz_basic_system_top.hdf.
18:13:58 INFO  : Checking for hwspec changes in the project mz_basic_system_top_hw_platform_0.
18:14:16 INFO  : Connected to target on host '127.0.0.1' and port '3121'.
18:14:16 INFO  : 'targets -set -filter {jtag_cable_name =~ "Platform Cable USB 00000000000000" && level==0} -index 1' command is executed.
18:14:21 INFO  : FPGA configured successfully with bitstream "M:/MZ_7010_Basic_System/MZ_Basic_System.sdk/mz_basic_system_top_hw_platform_0/mz_basic_system_top.bit"
18:14:50 INFO  : 'targets -set -filter {jtag_cable_name =~ "Platform Cable USB 00000000000000" && level==0} -index 1' command is executed.
18:14:50 INFO  : 'fpga -state' command is executed.
18:14:50 INFO  : Connected to target on host '127.0.0.1' and port '3121'.
18:14:51 INFO  : Sourcing of 'M:/MZ_7010_Basic_System/MZ_Basic_System.sdk/mz_basic_system_top_hw_platform_0/ps7_init.tcl' is done.
18:14:51 INFO  : 'targets -set -filter {name =~"APU" && jtag_cable_name =~ "Platform Cable USB 00000000000000"} -index 0' command is executed.
18:14:51 INFO  : Hardware design information is loaded from 'M:/MZ_7010_Basic_System/MZ_Basic_System.sdk/mz_basic_system_top_hw_platform_0/system.hdf'.
18:14:51 INFO  : 'targets -set -filter {name =~"APU" && jtag_cable_name =~ "Platform Cable USB 00000000000000"} -index 0' command is executed.
18:14:51 INFO  : 'stop' command is executed.
18:14:53 INFO  : 'ps7_init' command is executed.
18:14:53 INFO  : 'ps7_post_config' command is executed.
18:14:53 INFO  : 'con' command is executed.
18:14:54 INFO  : Context for processor 'ps7_cortexa9_0' is selected.
18:14:54 INFO  : Processor reset is completed for 'ps7_cortexa9_0'.
18:14:54 INFO  : Context for processor 'ps7_cortexa9_0' is selected.
18:14:56 INFO  : The application 'M:/MZ_7010_Basic_System/MZ_Basic_System.sdk/test_shared_mem/Debug/test_shared_mem.elf' is downloaded to processor 'ps7_cortexa9_0'.
18:14:56 INFO  : ----------------XSDB Script----------------
connect -url tcp:127.0.0.1:3121
source M:/MZ_7010_Basic_System/MZ_Basic_System.sdk/mz_basic_system_top_hw_platform_0/ps7_init.tcl
targets -set -filter {name =~"APU" && jtag_cable_name =~ "Platform Cable USB 00000000000000"} -index 0
loadhw M:/MZ_7010_Basic_System/MZ_Basic_System.sdk/mz_basic_system_top_hw_platform_0/system.hdf
targets -set -filter {name =~"APU" && jtag_cable_name =~ "Platform Cable USB 00000000000000"} -index 0
stop
ps7_init
ps7_post_config
con
targets -set -nocase -filter {name =~ "ARM*#0" && jtag_cable_name =~ "Platform Cable USB 00000000000000"} -index 0
rst -processor
targets -set -nocase -filter {name =~ "ARM*#0" && jtag_cable_name =~ "Platform Cable USB 00000000000000"} -index 0
dow M:/MZ_7010_Basic_System/MZ_Basic_System.sdk/test_shared_mem/Debug/test_shared_mem.elf
----------------End of Script----------------

18:14:56 INFO  : Memory regions updated for context APU
18:14:56 INFO  : Context for processor 'ps7_cortexa9_0' is selected.
18:14:56 INFO  : 'con' command is executed.
18:14:56 INFO  : ----------------XSDB Script (After Launch)----------------
targets -set -nocase -filter {name =~ "ARM*#0" && jtag_cable_name =~ "Platform Cable USB 00000000000000"} -index 0
con
----------------End of Script----------------

18:15:36 INFO  : Disconnected from the channel tcfchan#1.
18:15:37 INFO  : 'targets -set -filter {jtag_cable_name =~ "Platform Cable USB 00000000000000" && level==0} -index 1' command is executed.
18:15:37 INFO  : 'fpga -state' command is executed.
18:15:37 INFO  : Connected to target on host '127.0.0.1' and port '3121'.
18:15:37 INFO  : Sourcing of 'M:/MZ_7010_Basic_System/MZ_Basic_System.sdk/mz_basic_system_top_hw_platform_0/ps7_init.tcl' is done.
18:15:37 INFO  : 'targets -set -filter {name =~"APU" && jtag_cable_name =~ "Platform Cable USB 00000000000000"} -index 0' command is executed.
18:15:38 INFO  : Hardware design information is loaded from 'M:/MZ_7010_Basic_System/MZ_Basic_System.sdk/mz_basic_system_top_hw_platform_0/system.hdf'.
18:15:38 INFO  : 'targets -set -filter {name =~"APU" && jtag_cable_name =~ "Platform Cable USB 00000000000000"} -index 0' command is executed.
18:15:38 INFO  : 'stop' command is executed.
18:15:40 INFO  : 'ps7_init' command is executed.
18:15:40 INFO  : 'ps7_post_config' command is executed.
18:15:40 INFO  : 'con' command is executed.
18:15:40 INFO  : Context for processor 'ps7_cortexa9_0' is selected.
18:15:40 INFO  : Processor reset is completed for 'ps7_cortexa9_0'.
18:15:41 INFO  : Context for processor 'ps7_cortexa9_0' is selected.
18:15:42 INFO  : The application 'M:/MZ_7010_Basic_System/MZ_Basic_System.sdk/test_shared_mem/Debug/test_shared_mem.elf' is downloaded to processor 'ps7_cortexa9_0'.
18:15:42 INFO  : ----------------XSDB Script----------------
connect -url tcp:127.0.0.1:3121
source M:/MZ_7010_Basic_System/MZ_Basic_System.sdk/mz_basic_system_top_hw_platform_0/ps7_init.tcl
targets -set -filter {name =~"APU" && jtag_cable_name =~ "Platform Cable USB 00000000000000"} -index 0
loadhw M:/MZ_7010_Basic_System/MZ_Basic_System.sdk/mz_basic_system_top_hw_platform_0/system.hdf
targets -set -filter {name =~"APU" && jtag_cable_name =~ "Platform Cable USB 00000000000000"} -index 0
stop
ps7_init
ps7_post_config
con
targets -set -nocase -filter {name =~ "ARM*#0" && jtag_cable_name =~ "Platform Cable USB 00000000000000"} -index 0
rst -processor
targets -set -nocase -filter {name =~ "ARM*#0" && jtag_cable_name =~ "Platform Cable USB 00000000000000"} -index 0
dow M:/MZ_7010_Basic_System/MZ_Basic_System.sdk/test_shared_mem/Debug/test_shared_mem.elf
----------------End of Script----------------

18:15:42 INFO  : Memory regions updated for context APU
18:15:42 INFO  : Context for processor 'ps7_cortexa9_0' is selected.
18:15:42 INFO  : 'con' command is executed.
18:15:42 INFO  : ----------------XSDB Script (After Launch)----------------
targets -set -nocase -filter {name =~ "ARM*#0" && jtag_cable_name =~ "Platform Cable USB 00000000000000"} -index 0
con
----------------End of Script----------------

18:16:07 INFO  : Disconnected from the channel tcfchan#2.
18:16:07 INFO  : 'targets -set -filter {jtag_cable_name =~ "Platform Cable USB 00000000000000" && level==0} -index 1' command is executed.
18:16:07 INFO  : 'fpga -state' command is executed.
18:16:08 INFO  : Connected to target on host '127.0.0.1' and port '3121'.
18:16:08 INFO  : Sourcing of 'M:/MZ_7010_Basic_System/MZ_Basic_System.sdk/mz_basic_system_top_hw_platform_0/ps7_init.tcl' is done.
18:16:08 INFO  : 'targets -set -filter {name =~"APU" && jtag_cable_name =~ "Platform Cable USB 00000000000000"} -index 0' command is executed.
18:16:08 INFO  : Hardware design information is loaded from 'M:/MZ_7010_Basic_System/MZ_Basic_System.sdk/mz_basic_system_top_hw_platform_0/system.hdf'.
18:16:08 INFO  : 'targets -set -filter {name =~"APU" && jtag_cable_name =~ "Platform Cable USB 00000000000000"} -index 0' command is executed.
18:16:09 INFO  : 'stop' command is executed.
18:16:10 INFO  : 'ps7_init' command is executed.
18:16:10 INFO  : 'ps7_post_config' command is executed.
18:16:11 INFO  : 'con' command is executed.
18:16:11 INFO  : Context for processor 'ps7_cortexa9_0' is selected.
18:16:11 INFO  : Processor reset is completed for 'ps7_cortexa9_0'.
18:16:11 INFO  : Context for processor 'ps7_cortexa9_0' is selected.
18:16:13 INFO  : The application 'M:/MZ_7010_Basic_System/MZ_Basic_System.sdk/test_shared_mem/Debug/test_shared_mem.elf' is downloaded to processor 'ps7_cortexa9_0'.
18:16:13 INFO  : ----------------XSDB Script----------------
connect -url tcp:127.0.0.1:3121
source M:/MZ_7010_Basic_System/MZ_Basic_System.sdk/mz_basic_system_top_hw_platform_0/ps7_init.tcl
targets -set -filter {name =~"APU" && jtag_cable_name =~ "Platform Cable USB 00000000000000"} -index 0
loadhw M:/MZ_7010_Basic_System/MZ_Basic_System.sdk/mz_basic_system_top_hw_platform_0/system.hdf
targets -set -filter {name =~"APU" && jtag_cable_name =~ "Platform Cable USB 00000000000000"} -index 0
stop
ps7_init
ps7_post_config
con
targets -set -nocase -filter {name =~ "ARM*#0" && jtag_cable_name =~ "Platform Cable USB 00000000000000"} -index 0
rst -processor
targets -set -nocase -filter {name =~ "ARM*#0" && jtag_cable_name =~ "Platform Cable USB 00000000000000"} -index 0
dow M:/MZ_7010_Basic_System/MZ_Basic_System.sdk/test_shared_mem/Debug/test_shared_mem.elf
----------------End of Script----------------

18:16:13 INFO  : Memory regions updated for context APU
18:16:13 INFO  : Context for processor 'ps7_cortexa9_0' is selected.
18:16:13 INFO  : 'con' command is executed.
18:16:13 INFO  : ----------------XSDB Script (After Launch)----------------
targets -set -nocase -filter {name =~ "ARM*#0" && jtag_cable_name =~ "Platform Cable USB 00000000000000"} -index 0
con
----------------End of Script----------------

18:17:20 INFO  : Disconnected from the channel tcfchan#3.
18:17:21 INFO  : 'targets -set -filter {jtag_cable_name =~ "Platform Cable USB 00000000000000" && level==0} -index 1' command is executed.
18:17:21 INFO  : 'fpga -state' command is executed.
18:17:21 INFO  : Connected to target on host '127.0.0.1' and port '3121'.
18:17:21 INFO  : Sourcing of 'M:/MZ_7010_Basic_System/MZ_Basic_System.sdk/mz_basic_system_top_hw_platform_0/ps7_init.tcl' is done.
18:17:22 INFO  : 'targets -set -filter {name =~"APU" && jtag_cable_name =~ "Platform Cable USB 00000000000000"} -index 0' command is executed.
18:17:22 INFO  : Hardware design information is loaded from 'M:/MZ_7010_Basic_System/MZ_Basic_System.sdk/mz_basic_system_top_hw_platform_0/system.hdf'.
18:17:22 INFO  : 'targets -set -filter {name =~"APU" && jtag_cable_name =~ "Platform Cable USB 00000000000000"} -index 0' command is executed.
18:17:22 INFO  : 'stop' command is executed.
18:17:24 INFO  : 'ps7_init' command is executed.
18:17:24 INFO  : 'ps7_post_config' command is executed.
18:17:24 INFO  : 'con' command is executed.
18:17:24 INFO  : Context for processor 'ps7_cortexa9_0' is selected.
18:17:25 INFO  : Processor reset is completed for 'ps7_cortexa9_0'.
18:17:25 INFO  : Context for processor 'ps7_cortexa9_0' is selected.
18:17:26 INFO  : The application 'M:/MZ_7010_Basic_System/MZ_Basic_System.sdk/test_shared_mem/Debug/test_shared_mem.elf' is downloaded to processor 'ps7_cortexa9_0'.
18:17:26 INFO  : ----------------XSDB Script----------------
connect -url tcp:127.0.0.1:3121
source M:/MZ_7010_Basic_System/MZ_Basic_System.sdk/mz_basic_system_top_hw_platform_0/ps7_init.tcl
targets -set -filter {name =~"APU" && jtag_cable_name =~ "Platform Cable USB 00000000000000"} -index 0
loadhw M:/MZ_7010_Basic_System/MZ_Basic_System.sdk/mz_basic_system_top_hw_platform_0/system.hdf
targets -set -filter {name =~"APU" && jtag_cable_name =~ "Platform Cable USB 00000000000000"} -index 0
stop
ps7_init
ps7_post_config
con
targets -set -nocase -filter {name =~ "ARM*#0" && jtag_cable_name =~ "Platform Cable USB 00000000000000"} -index 0
rst -processor
targets -set -nocase -filter {name =~ "ARM*#0" && jtag_cable_name =~ "Platform Cable USB 00000000000000"} -index 0
dow M:/MZ_7010_Basic_System/MZ_Basic_System.sdk/test_shared_mem/Debug/test_shared_mem.elf
----------------End of Script----------------

18:17:26 INFO  : Memory regions updated for context APU
18:17:26 INFO  : Context for processor 'ps7_cortexa9_0' is selected.
18:17:26 INFO  : 'con' command is executed.
18:17:26 INFO  : ----------------XSDB Script (After Launch)----------------
targets -set -nocase -filter {name =~ "ARM*#0" && jtag_cable_name =~ "Platform Cable USB 00000000000000"} -index 0
con
----------------End of Script----------------

18:17:44 INFO  : Disconnected from the channel tcfchan#4.
18:17:45 INFO  : 'targets -set -filter {jtag_cable_name =~ "Platform Cable USB 00000000000000" && level==0} -index 1' command is executed.
18:17:45 INFO  : 'fpga -state' command is executed.
18:17:45 INFO  : Connected to target on host '127.0.0.1' and port '3121'.
18:17:45 INFO  : Sourcing of 'M:/MZ_7010_Basic_System/MZ_Basic_System.sdk/mz_basic_system_top_hw_platform_0/ps7_init.tcl' is done.
18:17:45 INFO  : 'targets -set -filter {name =~"APU" && jtag_cable_name =~ "Platform Cable USB 00000000000000"} -index 0' command is executed.
18:17:45 INFO  : Hardware design information is loaded from 'M:/MZ_7010_Basic_System/MZ_Basic_System.sdk/mz_basic_system_top_hw_platform_0/system.hdf'.
18:17:46 INFO  : 'targets -set -filter {name =~"APU" && jtag_cable_name =~ "Platform Cable USB 00000000000000"} -index 0' command is executed.
18:17:46 INFO  : 'stop' command is executed.
18:17:48 INFO  : 'ps7_init' command is executed.
18:17:48 INFO  : 'ps7_post_config' command is executed.
18:17:48 INFO  : 'con' command is executed.
18:17:48 INFO  : Context for processor 'ps7_cortexa9_0' is selected.
18:17:48 INFO  : Processor reset is completed for 'ps7_cortexa9_0'.
18:17:49 INFO  : Context for processor 'ps7_cortexa9_0' is selected.
18:17:50 INFO  : The application 'M:/MZ_7010_Basic_System/MZ_Basic_System.sdk/test_shared_mem/Debug/test_shared_mem.elf' is downloaded to processor 'ps7_cortexa9_0'.
18:17:50 INFO  : ----------------XSDB Script----------------
connect -url tcp:127.0.0.1:3121
source M:/MZ_7010_Basic_System/MZ_Basic_System.sdk/mz_basic_system_top_hw_platform_0/ps7_init.tcl
targets -set -filter {name =~"APU" && jtag_cable_name =~ "Platform Cable USB 00000000000000"} -index 0
loadhw M:/MZ_7010_Basic_System/MZ_Basic_System.sdk/mz_basic_system_top_hw_platform_0/system.hdf
targets -set -filter {name =~"APU" && jtag_cable_name =~ "Platform Cable USB 00000000000000"} -index 0
stop
ps7_init
ps7_post_config
con
targets -set -nocase -filter {name =~ "ARM*#0" && jtag_cable_name =~ "Platform Cable USB 00000000000000"} -index 0
rst -processor
targets -set -nocase -filter {name =~ "ARM*#0" && jtag_cable_name =~ "Platform Cable USB 00000000000000"} -index 0
dow M:/MZ_7010_Basic_System/MZ_Basic_System.sdk/test_shared_mem/Debug/test_shared_mem.elf
----------------End of Script----------------

18:17:50 INFO  : Memory regions updated for context APU
18:17:50 INFO  : Context for processor 'ps7_cortexa9_0' is selected.
18:17:50 INFO  : 'con' command is executed.
18:17:50 INFO  : ----------------XSDB Script (After Launch)----------------
targets -set -nocase -filter {name =~ "ARM*#0" && jtag_cable_name =~ "Platform Cable USB 00000000000000"} -index 0
con
----------------End of Script----------------

18:18:06 INFO  : Launching XSDB server: xsdb.bat C:/Xilinx/SDK/2015.4/scripts/xsdb/xsdb/xsdb-server.tcl
18:21:06 ERROR : Timed out. 180 seconds have elapsed while waiting for XSDB server to launch.
18:21:06 WARN  : Unexpected exception occurred.
java.lang.Exception: java.lang.Error: Channel is waiting for Hello message
	at org.eclipse.tcf.core.Command.<init>(Command.java:83)
	at com.xilinx.sdk.xsdb.XSDBCommandManager$8.<init>(XSDBCommandManager.java:384)
	at com.xilinx.sdk.xsdb.XSDBCommandManager.issueTcfCmd(XSDBCommandManager.java:384)
	at com.xilinx.sdk.xsdb.XSDBCommandManager.access$4(XSDBCommandManager.java:381)
	at com.xilinx.sdk.xsdb.XSDBCommandManager$7.run(XSDBCommandManager.java:376)
	at org.eclipse.tcf.EventQueue.run(EventQueue.java:95)
	at java.lang.Thread.run(Thread.java:745)
Caused by: java.lang.Error: Channel is waiting for Hello message
	at org.eclipse.tcf.core.AbstractChannel.sendCommand(AbstractChannel.java:874)
	at org.eclipse.tcf.core.Command.<init>(Command.java:79)
	... 6 more
18:45:29 INFO  : Launching XSDB server: xsdb.bat C:/Xilinx/SDK/2015.4/scripts/xsdb/xsdb/xsdb-server.tcl
18:45:31 INFO  : XSDB server has started successfully.
18:45:32 INFO  : Processing command line option -hwspec M:/MZ_7010_Basic_System/MZ_Basic_System.sdk/mz_basic_system_top.hdf.
18:45:32 INFO  : Checking for hwspec changes in the project mz_basic_system_top_hw_platform_0.
18:45:34 INFO  : SDK has detected change in the last modified timestamps for source hardware specification file Source:1456940693760,  Project:1456919352152
18:45:34 INFO  : The hardware specification for project 'mz_basic_system_top_hw_platform_0' is different from M:/MZ_7010_Basic_System/MZ_Basic_System.sdk/mz_basic_system_top.hdf.
18:45:34 INFO  : Copied contents of M:/MZ_7010_Basic_System/MZ_Basic_System.sdk/mz_basic_system_top.hdf into \mz_basic_system_top_hw_platform_0\system.hdf.
18:45:40 INFO  : Synchronizing projects in the workspace with the hardware platform specification changes.
18:45:47 INFO  : 
18:45:48 INFO  : Updating hardware inferred compiler options for test_shared_mem.
18:45:49 INFO  : Updating hardware inferred compiler options for test_vga.
18:45:49 INFO  : Clearing existing target manager status.
18:46:10 INFO  : Connected to target on host '127.0.0.1' and port '3121'.
18:46:10 INFO  : 'targets -set -filter {jtag_cable_name =~ "Platform Cable USB 00000000000000" && level==0} -index 1' command is executed.
18:46:15 INFO  : FPGA configured successfully with bitstream "M:/MZ_7010_Basic_System/MZ_Basic_System.sdk/mz_basic_system_top_hw_platform_0/mz_basic_system_top.bit"
18:46:34 INFO  : 'targets -set -filter {jtag_cable_name =~ "Platform Cable USB 00000000000000" && level==0} -index 1' command is executed.
18:46:34 INFO  : 'fpga -state' command is executed.
18:46:34 INFO  : Connected to target on host '127.0.0.1' and port '3121'.
18:46:35 INFO  : Sourcing of 'M:/MZ_7010_Basic_System/MZ_Basic_System.sdk/mz_basic_system_top_hw_platform_0/ps7_init.tcl' is done.
18:46:35 INFO  : 'targets -set -filter {name =~"APU" && jtag_cable_name =~ "Platform Cable USB 00000000000000"} -index 0' command is executed.
18:46:35 INFO  : Hardware design information is loaded from 'M:/MZ_7010_Basic_System/MZ_Basic_System.sdk/mz_basic_system_top_hw_platform_0/system.hdf'.
18:46:35 INFO  : 'targets -set -filter {name =~"APU" && jtag_cable_name =~ "Platform Cable USB 00000000000000"} -index 0' command is executed.
18:46:35 INFO  : 'stop' command is executed.
18:46:37 INFO  : 'ps7_init' command is executed.
18:46:37 INFO  : 'ps7_post_config' command is executed.
18:46:37 INFO  : 'con' command is executed.
18:46:38 INFO  : Context for processor 'ps7_cortexa9_0' is selected.
18:46:38 INFO  : Processor reset is completed for 'ps7_cortexa9_0'.
18:46:38 INFO  : Context for processor 'ps7_cortexa9_0' is selected.
18:46:39 INFO  : The application 'M:/MZ_7010_Basic_System/MZ_Basic_System.sdk/test_shared_mem/Debug/test_shared_mem.elf' is downloaded to processor 'ps7_cortexa9_0'.
18:46:40 INFO  : ----------------XSDB Script----------------
connect -url tcp:127.0.0.1:3121
source M:/MZ_7010_Basic_System/MZ_Basic_System.sdk/mz_basic_system_top_hw_platform_0/ps7_init.tcl
targets -set -filter {name =~"APU" && jtag_cable_name =~ "Platform Cable USB 00000000000000"} -index 0
loadhw M:/MZ_7010_Basic_System/MZ_Basic_System.sdk/mz_basic_system_top_hw_platform_0/system.hdf
targets -set -filter {name =~"APU" && jtag_cable_name =~ "Platform Cable USB 00000000000000"} -index 0
stop
ps7_init
ps7_post_config
con
targets -set -nocase -filter {name =~ "ARM*#0" && jtag_cable_name =~ "Platform Cable USB 00000000000000"} -index 0
rst -processor
targets -set -nocase -filter {name =~ "ARM*#0" && jtag_cable_name =~ "Platform Cable USB 00000000000000"} -index 0
dow M:/MZ_7010_Basic_System/MZ_Basic_System.sdk/test_shared_mem/Debug/test_shared_mem.elf
----------------End of Script----------------

18:46:40 INFO  : Memory regions updated for context APU
18:46:40 INFO  : Context for processor 'ps7_cortexa9_0' is selected.
18:46:40 INFO  : 'con' command is executed.
18:46:40 INFO  : ----------------XSDB Script (After Launch)----------------
targets -set -nocase -filter {name =~ "ARM*#0" && jtag_cable_name =~ "Platform Cable USB 00000000000000"} -index 0
con
----------------End of Script----------------

18:47:12 INFO  : Disconnected from the channel tcfchan#1.
18:47:13 INFO  : 'targets -set -filter {jtag_cable_name =~ "Platform Cable USB 00000000000000" && level==0} -index 1' command is executed.
18:47:13 INFO  : 'fpga -state' command is executed.
18:47:13 INFO  : Connected to target on host '127.0.0.1' and port '3121'.
18:47:13 INFO  : Sourcing of 'M:/MZ_7010_Basic_System/MZ_Basic_System.sdk/mz_basic_system_top_hw_platform_0/ps7_init.tcl' is done.
18:47:13 INFO  : 'targets -set -filter {name =~"APU" && jtag_cable_name =~ "Platform Cable USB 00000000000000"} -index 0' command is executed.
18:47:14 INFO  : Hardware design information is loaded from 'M:/MZ_7010_Basic_System/MZ_Basic_System.sdk/mz_basic_system_top_hw_platform_0/system.hdf'.
18:47:14 INFO  : 'targets -set -filter {name =~"APU" && jtag_cable_name =~ "Platform Cable USB 00000000000000"} -index 0' command is executed.
18:47:14 INFO  : 'stop' command is executed.
18:47:16 INFO  : 'ps7_init' command is executed.
18:47:16 INFO  : 'ps7_post_config' command is executed.
18:47:16 INFO  : 'con' command is executed.
18:47:17 INFO  : Context for processor 'ps7_cortexa9_0' is selected.
18:47:17 INFO  : Processor reset is completed for 'ps7_cortexa9_0'.
18:47:17 INFO  : Context for processor 'ps7_cortexa9_0' is selected.
18:47:18 INFO  : The application 'M:/MZ_7010_Basic_System/MZ_Basic_System.sdk/test_shared_mem/Debug/test_shared_mem.elf' is downloaded to processor 'ps7_cortexa9_0'.
18:47:18 INFO  : ----------------XSDB Script----------------
connect -url tcp:127.0.0.1:3121
source M:/MZ_7010_Basic_System/MZ_Basic_System.sdk/mz_basic_system_top_hw_platform_0/ps7_init.tcl
targets -set -filter {name =~"APU" && jtag_cable_name =~ "Platform Cable USB 00000000000000"} -index 0
loadhw M:/MZ_7010_Basic_System/MZ_Basic_System.sdk/mz_basic_system_top_hw_platform_0/system.hdf
targets -set -filter {name =~"APU" && jtag_cable_name =~ "Platform Cable USB 00000000000000"} -index 0
stop
ps7_init
ps7_post_config
con
targets -set -nocase -filter {name =~ "ARM*#0" && jtag_cable_name =~ "Platform Cable USB 00000000000000"} -index 0
rst -processor
targets -set -nocase -filter {name =~ "ARM*#0" && jtag_cable_name =~ "Platform Cable USB 00000000000000"} -index 0
dow M:/MZ_7010_Basic_System/MZ_Basic_System.sdk/test_shared_mem/Debug/test_shared_mem.elf
----------------End of Script----------------

18:47:18 INFO  : Memory regions updated for context APU
18:47:18 INFO  : Context for processor 'ps7_cortexa9_0' is selected.
18:47:19 INFO  : 'con' command is executed.
18:47:19 INFO  : ----------------XSDB Script (After Launch)----------------
targets -set -nocase -filter {name =~ "ARM*#0" && jtag_cable_name =~ "Platform Cable USB 00000000000000"} -index 0
con
----------------End of Script----------------

18:47:41 INFO  : Disconnected from the channel tcfchan#2.
18:47:42 INFO  : 'targets -set -filter {jtag_cable_name =~ "Platform Cable USB 00000000000000" && level==0} -index 1' command is executed.
18:47:42 INFO  : 'fpga -state' command is executed.
18:47:42 INFO  : Connected to target on host '127.0.0.1' and port '3121'.
18:47:42 INFO  : Sourcing of 'M:/MZ_7010_Basic_System/MZ_Basic_System.sdk/mz_basic_system_top_hw_platform_0/ps7_init.tcl' is done.
18:47:42 INFO  : 'targets -set -filter {name =~"APU" && jtag_cable_name =~ "Platform Cable USB 00000000000000"} -index 0' command is executed.
18:47:43 INFO  : Hardware design information is loaded from 'M:/MZ_7010_Basic_System/MZ_Basic_System.sdk/mz_basic_system_top_hw_platform_0/system.hdf'.
18:47:43 INFO  : 'targets -set -filter {name =~"APU" && jtag_cable_name =~ "Platform Cable USB 00000000000000"} -index 0' command is executed.
18:47:43 INFO  : 'stop' command is executed.
18:47:45 INFO  : 'ps7_init' command is executed.
18:47:45 INFO  : 'ps7_post_config' command is executed.
18:47:45 INFO  : 'con' command is executed.
18:47:45 INFO  : Context for processor 'ps7_cortexa9_0' is selected.
18:47:45 INFO  : Processor reset is completed for 'ps7_cortexa9_0'.
18:47:46 INFO  : Context for processor 'ps7_cortexa9_0' is selected.
18:47:47 INFO  : The application 'M:/MZ_7010_Basic_System/MZ_Basic_System.sdk/test_shared_mem/Debug/test_shared_mem.elf' is downloaded to processor 'ps7_cortexa9_0'.
18:47:47 INFO  : ----------------XSDB Script----------------
connect -url tcp:127.0.0.1:3121
source M:/MZ_7010_Basic_System/MZ_Basic_System.sdk/mz_basic_system_top_hw_platform_0/ps7_init.tcl
targets -set -filter {name =~"APU" && jtag_cable_name =~ "Platform Cable USB 00000000000000"} -index 0
loadhw M:/MZ_7010_Basic_System/MZ_Basic_System.sdk/mz_basic_system_top_hw_platform_0/system.hdf
targets -set -filter {name =~"APU" && jtag_cable_name =~ "Platform Cable USB 00000000000000"} -index 0
stop
ps7_init
ps7_post_config
con
targets -set -nocase -filter {name =~ "ARM*#0" && jtag_cable_name =~ "Platform Cable USB 00000000000000"} -index 0
rst -processor
targets -set -nocase -filter {name =~ "ARM*#0" && jtag_cable_name =~ "Platform Cable USB 00000000000000"} -index 0
dow M:/MZ_7010_Basic_System/MZ_Basic_System.sdk/test_shared_mem/Debug/test_shared_mem.elf
----------------End of Script----------------

18:47:47 INFO  : Memory regions updated for context APU
18:47:47 INFO  : Context for processor 'ps7_cortexa9_0' is selected.
18:47:47 INFO  : 'con' command is executed.
18:47:47 INFO  : ----------------XSDB Script (After Launch)----------------
targets -set -nocase -filter {name =~ "ARM*#0" && jtag_cable_name =~ "Platform Cable USB 00000000000000"} -index 0
con
----------------End of Script----------------

09:32:29 INFO  : Launching XSDB server: xsdb.bat C:/Xilinx/SDK/2015.4/scripts/xsdb/xsdb/xsdb-server.tcl
09:32:30 ERROR : Unexpected error while parsing XMD response ?: com.google.gson.JsonSyntaxException: com.google.gson.stream.MalformedJsonException: invalid number or unquoted string near 
09:35:29 ERROR : Timed out. 180 seconds have elapsed while waiting for XSDB server to launch.
09:35:29 WARN  : Unexpected exception occurred.
java.lang.Exception: java.lang.Error: Channel is waiting for Hello message
	at org.eclipse.tcf.core.Command.<init>(Command.java:83)
	at com.xilinx.sdk.xsdb.XSDBCommandManager$8.<init>(XSDBCommandManager.java:384)
	at com.xilinx.sdk.xsdb.XSDBCommandManager.issueTcfCmd(XSDBCommandManager.java:384)
	at com.xilinx.sdk.xsdb.XSDBCommandManager.access$4(XSDBCommandManager.java:381)
	at com.xilinx.sdk.xsdb.XSDBCommandManager$7.run(XSDBCommandManager.java:376)
	at org.eclipse.tcf.EventQueue.run(EventQueue.java:95)
	at java.lang.Thread.run(Thread.java:745)
Caused by: java.lang.Error: Channel is waiting for Hello message
	at org.eclipse.tcf.core.AbstractChannel.sendCommand(AbstractChannel.java:874)
	at org.eclipse.tcf.core.Command.<init>(Command.java:79)
	... 6 more
18:32:26 INFO  : Launching XSDB server: xsdb.bat C:/Xilinx/SDK/2015.4/scripts/xsdb/xsdb/xsdb-server.tcl
18:32:29 INFO  : XSDB server has started successfully.
18:32:30 INFO  : Processing command line option -hwspec M:/MZ_7010_Basic_System/MZ_Basic_System.sdk/mz_basic_system_top.hdf.
18:32:31 INFO  : Checking for hwspec changes in the project mz_basic_system_top_hw_platform_0.
18:32:35 INFO  : SDK has detected change in the last modified timestamps for source hardware specification file Source:1457717263861,  Project:1456940693760
18:32:35 INFO  : The hardware specification for project 'mz_basic_system_top_hw_platform_0' is different from M:/MZ_7010_Basic_System/MZ_Basic_System.sdk/mz_basic_system_top.hdf.
18:32:36 INFO  : Copied contents of M:/MZ_7010_Basic_System/MZ_Basic_System.sdk/mz_basic_system_top.hdf into \mz_basic_system_top_hw_platform_0\system.hdf.
18:32:42 INFO  : Synchronizing projects in the workspace with the hardware platform specification changes.
18:32:50 INFO  : 
18:32:51 INFO  : Updating hardware inferred compiler options for test_shared_mem.
18:32:51 INFO  : Updating hardware inferred compiler options for test_vga.
18:32:52 INFO  : Clearing existing target manager status.
18:34:51 ERROR : Unexpected error while parsing XMD response ?: com.google.gson.JsonSyntaxException: com.google.gson.stream.MalformedJsonException: invalid number or unquoted string near 
15:59:25 INFO  : Launching XSDB server: xsdb.bat C:/Xilinx/SDK/2015.4/scripts/xsdb/xsdb/xsdb-server.tcl
15:59:28 INFO  : XSDB server has started successfully.
15:59:41 INFO  : Processing command line option -hwspec M:/MZ_7010_Basic_System/MZ_Basic_System.sdk/mz_basic_system_top.hdf.
15:59:43 INFO  : Checking for hwspec changes in the project mz_basic_system_top_hw_platform_0.
15:59:43 INFO  : SDK has detected change in the last modified timestamps for source hardware specification file Source:1457966279439,  Project:1457717263861
15:59:43 INFO  : The hardware specification for project 'mz_basic_system_top_hw_platform_0' is different from M:/MZ_7010_Basic_System/MZ_Basic_System.sdk/mz_basic_system_top.hdf.
15:59:44 INFO  : Copied contents of M:/MZ_7010_Basic_System/MZ_Basic_System.sdk/mz_basic_system_top.hdf into \mz_basic_system_top_hw_platform_0\system.hdf.
15:59:49 INFO  : Synchronizing projects in the workspace with the hardware platform specification changes.
16:00:02 INFO  : 
16:00:04 INFO  : Updating hardware inferred compiler options for test_shared_mem.
16:00:05 INFO  : Updating hardware inferred compiler options for test_vga.
16:00:05 INFO  : Clearing existing target manager status.
16:00:07 INFO  : Closing and re-opening the MSS file of ther project MZ_Basic_System_bsp
16:00:10 INFO  : Workspace synchronized with the new hardware specification file. Cleaning dependent projects...
16:00:12 WARN  : Linker script will not be updated automatically. Users need to update it manually.
16:01:02 INFO  : Connected to target on host '127.0.0.1' and port '3121'.
16:01:02 INFO  : 'targets -set -filter {jtag_cable_name =~ "Platform Cable USB 00000000000000" && level==0} -index 1' command is executed.
16:01:07 INFO  : FPGA configured successfully with bitstream "M:/MZ_7010_Basic_System/MZ_Basic_System.sdk/mz_basic_system_top_hw_platform_0/mz_basic_system_top.bit"
16:04:55 INFO  : Connected to target on host '127.0.0.1' and port '3121'.
16:05:11 ERROR : Unexpected error while parsing XMD response ?: com.google.gson.JsonSyntaxException: com.google.gson.stream.MalformedJsonException: invalid number or unquoted string near 
16:05:44 INFO  : Launching XSDB server: xsdb.bat C:/Xilinx/SDK/2015.4/scripts/xsdb/xsdb/xsdb-server.tcl
16:05:46 INFO  : XSDB server has started successfully.
16:05:47 INFO  : Processing command line option -hwspec M:/MZ_7010_Basic_System/MZ_Basic_System.sdk/mz_basic_system_top.hdf.
16:05:47 INFO  : Checking for hwspec changes in the project mz_basic_system_top_hw_platform_0.
16:05:59 INFO  : Connected to target on host '127.0.0.1' and port '3121'.
16:05:59 INFO  : 'targets -set -filter {jtag_cable_name =~ "Platform Cable USB 00000000000000" && level==0} -index 1' command is executed.
16:06:04 INFO  : FPGA configured successfully with bitstream "M:/MZ_7010_Basic_System/MZ_Basic_System.sdk/mz_basic_system_top_hw_platform_0/mz_basic_system_top.bit"
16:06:26 INFO  : 'targets -set -filter {jtag_cable_name =~ "Platform Cable USB 00000000000000" && level==0} -index 1' command is executed.
16:06:26 INFO  : 'fpga -state' command is executed.
16:06:26 INFO  : Connected to target on host '127.0.0.1' and port '3121'.
16:06:26 INFO  : Sourcing of 'M:/MZ_7010_Basic_System/MZ_Basic_System.sdk/mz_basic_system_top_hw_platform_0/ps7_init.tcl' is done.
16:06:27 INFO  : 'targets -set -filter {name =~"APU" && jtag_cable_name =~ "Platform Cable USB 00000000000000"} -index 0' command is executed.
16:06:27 INFO  : Hardware design information is loaded from 'M:/MZ_7010_Basic_System/MZ_Basic_System.sdk/mz_basic_system_top_hw_platform_0/system.hdf'.
16:06:27 INFO  : 'targets -set -filter {name =~"APU" && jtag_cable_name =~ "Platform Cable USB 00000000000000"} -index 0' command is executed.
16:06:27 INFO  : 'stop' command is executed.
16:06:29 INFO  : 'ps7_init' command is executed.
16:06:29 INFO  : 'ps7_post_config' command is executed.
16:06:29 INFO  : 'con' command is executed.
16:06:29 INFO  : Context for processor 'ps7_cortexa9_0' is selected.
16:06:30 INFO  : Processor reset is completed for 'ps7_cortexa9_0'.
16:06:30 INFO  : Context for processor 'ps7_cortexa9_0' is selected.
16:06:31 INFO  : The application 'M:/MZ_7010_Basic_System/MZ_Basic_System.sdk/test_vga/Debug/test_vga.elf' is downloaded to processor 'ps7_cortexa9_0'.
16:06:31 INFO  : ----------------XSDB Script----------------
connect -url tcp:127.0.0.1:3121
source M:/MZ_7010_Basic_System/MZ_Basic_System.sdk/mz_basic_system_top_hw_platform_0/ps7_init.tcl
targets -set -filter {name =~"APU" && jtag_cable_name =~ "Platform Cable USB 00000000000000"} -index 0
loadhw M:/MZ_7010_Basic_System/MZ_Basic_System.sdk/mz_basic_system_top_hw_platform_0/system.hdf
targets -set -filter {name =~"APU" && jtag_cable_name =~ "Platform Cable USB 00000000000000"} -index 0
stop
ps7_init
ps7_post_config
con
targets -set -nocase -filter {name =~ "ARM*#0" && jtag_cable_name =~ "Platform Cable USB 00000000000000"} -index 0
rst -processor
targets -set -nocase -filter {name =~ "ARM*#0" && jtag_cable_name =~ "Platform Cable USB 00000000000000"} -index 0
dow M:/MZ_7010_Basic_System/MZ_Basic_System.sdk/test_vga/Debug/test_vga.elf
----------------End of Script----------------

16:06:31 INFO  : Memory regions updated for context APU
16:06:31 INFO  : Context for processor 'ps7_cortexa9_0' is selected.
16:06:31 INFO  : 'con' command is executed.
16:06:31 INFO  : ----------------XSDB Script (After Launch)----------------
targets -set -nocase -filter {name =~ "ARM*#0" && jtag_cable_name =~ "Platform Cable USB 00000000000000"} -index 0
con
----------------End of Script----------------

16:07:56 INFO  : Disconnected from the channel tcfchan#1.
16:07:56 INFO  : 'targets -set -filter {jtag_cable_name =~ "Platform Cable USB 00000000000000" && level==0} -index 1' command is executed.
16:07:56 INFO  : 'fpga -state' command is executed.
16:07:56 INFO  : Connected to target on host '127.0.0.1' and port '3121'.
16:07:57 INFO  : Sourcing of 'M:/MZ_7010_Basic_System/MZ_Basic_System.sdk/mz_basic_system_top_hw_platform_0/ps7_init.tcl' is done.
16:07:57 INFO  : 'targets -set -filter {name =~"APU" && jtag_cable_name =~ "Platform Cable USB 00000000000000"} -index 0' command is executed.
16:07:57 INFO  : Hardware design information is loaded from 'M:/MZ_7010_Basic_System/MZ_Basic_System.sdk/mz_basic_system_top_hw_platform_0/system.hdf'.
16:07:57 INFO  : 'targets -set -filter {name =~"APU" && jtag_cable_name =~ "Platform Cable USB 00000000000000"} -index 0' command is executed.
16:07:57 INFO  : 'stop' command is executed.
16:07:59 INFO  : 'ps7_init' command is executed.
16:07:59 INFO  : 'ps7_post_config' command is executed.
16:08:00 INFO  : 'con' command is executed.
16:08:00 INFO  : Context for processor 'ps7_cortexa9_0' is selected.
16:08:00 INFO  : Processor reset is completed for 'ps7_cortexa9_0'.
16:08:00 INFO  : Context for processor 'ps7_cortexa9_0' is selected.
16:08:01 INFO  : The application 'M:/MZ_7010_Basic_System/MZ_Basic_System.sdk/test_vga/Debug/test_vga.elf' is downloaded to processor 'ps7_cortexa9_0'.
16:08:01 INFO  : ----------------XSDB Script----------------
connect -url tcp:127.0.0.1:3121
source M:/MZ_7010_Basic_System/MZ_Basic_System.sdk/mz_basic_system_top_hw_platform_0/ps7_init.tcl
targets -set -filter {name =~"APU" && jtag_cable_name =~ "Platform Cable USB 00000000000000"} -index 0
loadhw M:/MZ_7010_Basic_System/MZ_Basic_System.sdk/mz_basic_system_top_hw_platform_0/system.hdf
targets -set -filter {name =~"APU" && jtag_cable_name =~ "Platform Cable USB 00000000000000"} -index 0
stop
ps7_init
ps7_post_config
con
targets -set -nocase -filter {name =~ "ARM*#0" && jtag_cable_name =~ "Platform Cable USB 00000000000000"} -index 0
rst -processor
targets -set -nocase -filter {name =~ "ARM*#0" && jtag_cable_name =~ "Platform Cable USB 00000000000000"} -index 0
dow M:/MZ_7010_Basic_System/MZ_Basic_System.sdk/test_vga/Debug/test_vga.elf
----------------End of Script----------------

16:08:01 INFO  : Memory regions updated for context APU
16:08:01 INFO  : Context for processor 'ps7_cortexa9_0' is selected.
16:08:01 INFO  : 'con' command is executed.
16:08:01 INFO  : ----------------XSDB Script (After Launch)----------------
targets -set -nocase -filter {name =~ "ARM*#0" && jtag_cable_name =~ "Platform Cable USB 00000000000000"} -index 0
con
----------------End of Script----------------

16:10:19 INFO  : Disconnected from the channel tcfchan#2.
16:10:20 INFO  : 'targets -set -filter {jtag_cable_name =~ "Platform Cable USB 00000000000000" && level==0} -index 1' command is executed.
16:10:20 INFO  : 'fpga -state' command is executed.
16:10:20 INFO  : Connected to target on host '127.0.0.1' and port '3121'.
16:10:20 INFO  : Sourcing of 'M:/MZ_7010_Basic_System/MZ_Basic_System.sdk/mz_basic_system_top_hw_platform_0/ps7_init.tcl' is done.
16:10:21 INFO  : 'targets -set -filter {name =~"APU" && jtag_cable_name =~ "Platform Cable USB 00000000000000"} -index 0' command is executed.
16:10:21 INFO  : Hardware design information is loaded from 'M:/MZ_7010_Basic_System/MZ_Basic_System.sdk/mz_basic_system_top_hw_platform_0/system.hdf'.
16:10:21 INFO  : 'targets -set -filter {name =~"APU" && jtag_cable_name =~ "Platform Cable USB 00000000000000"} -index 0' command is executed.
16:10:21 INFO  : 'stop' command is executed.
16:10:23 INFO  : 'ps7_init' command is executed.
16:10:23 INFO  : 'ps7_post_config' command is executed.
16:10:23 INFO  : 'con' command is executed.
16:10:24 INFO  : Context for processor 'ps7_cortexa9_0' is selected.
16:10:24 INFO  : Processor reset is completed for 'ps7_cortexa9_0'.
16:10:24 INFO  : Context for processor 'ps7_cortexa9_0' is selected.
16:10:25 INFO  : The application 'M:/MZ_7010_Basic_System/MZ_Basic_System.sdk/test_shared_mem/Debug/test_shared_mem.elf' is downloaded to processor 'ps7_cortexa9_0'.
16:10:25 INFO  : ----------------XSDB Script----------------
connect -url tcp:127.0.0.1:3121
source M:/MZ_7010_Basic_System/MZ_Basic_System.sdk/mz_basic_system_top_hw_platform_0/ps7_init.tcl
targets -set -filter {name =~"APU" && jtag_cable_name =~ "Platform Cable USB 00000000000000"} -index 0
loadhw M:/MZ_7010_Basic_System/MZ_Basic_System.sdk/mz_basic_system_top_hw_platform_0/system.hdf
targets -set -filter {name =~"APU" && jtag_cable_name =~ "Platform Cable USB 00000000000000"} -index 0
stop
ps7_init
ps7_post_config
con
targets -set -nocase -filter {name =~ "ARM*#0" && jtag_cable_name =~ "Platform Cable USB 00000000000000"} -index 0
rst -processor
targets -set -nocase -filter {name =~ "ARM*#0" && jtag_cable_name =~ "Platform Cable USB 00000000000000"} -index 0
dow M:/MZ_7010_Basic_System/MZ_Basic_System.sdk/test_shared_mem/Debug/test_shared_mem.elf
----------------End of Script----------------

16:10:26 INFO  : Memory regions updated for context APU
16:10:26 INFO  : Context for processor 'ps7_cortexa9_0' is selected.
16:10:26 INFO  : 'con' command is executed.
16:10:26 INFO  : ----------------XSDB Script (After Launch)----------------
targets -set -nocase -filter {name =~ "ARM*#0" && jtag_cable_name =~ "Platform Cable USB 00000000000000"} -index 0
con
----------------End of Script----------------

16:10:40 INFO  : Disconnected from the channel tcfchan#3.
16:10:40 INFO  : 'targets -set -filter {jtag_cable_name =~ "Platform Cable USB 00000000000000" && level==0} -index 1' command is executed.
16:10:40 INFO  : 'fpga -state' command is executed.
16:10:40 INFO  : Connected to target on host '127.0.0.1' and port '3121'.
16:10:41 INFO  : Sourcing of 'M:/MZ_7010_Basic_System/MZ_Basic_System.sdk/mz_basic_system_top_hw_platform_0/ps7_init.tcl' is done.
16:10:41 INFO  : 'targets -set -filter {name =~"APU" && jtag_cable_name =~ "Platform Cable USB 00000000000000"} -index 0' command is executed.
16:10:41 INFO  : Hardware design information is loaded from 'M:/MZ_7010_Basic_System/MZ_Basic_System.sdk/mz_basic_system_top_hw_platform_0/system.hdf'.
16:10:41 INFO  : 'targets -set -filter {name =~"APU" && jtag_cable_name =~ "Platform Cable USB 00000000000000"} -index 0' command is executed.
16:10:41 INFO  : 'stop' command is executed.
16:10:43 INFO  : 'ps7_init' command is executed.
16:10:43 INFO  : 'ps7_post_config' command is executed.
16:10:44 INFO  : 'con' command is executed.
16:10:44 INFO  : Context for processor 'ps7_cortexa9_0' is selected.
16:10:44 INFO  : Processor reset is completed for 'ps7_cortexa9_0'.
16:10:44 INFO  : Context for processor 'ps7_cortexa9_0' is selected.
16:10:46 INFO  : The application 'M:/MZ_7010_Basic_System/MZ_Basic_System.sdk/test_shared_mem/Debug/test_shared_mem.elf' is downloaded to processor 'ps7_cortexa9_0'.
16:10:46 INFO  : ----------------XSDB Script----------------
connect -url tcp:127.0.0.1:3121
source M:/MZ_7010_Basic_System/MZ_Basic_System.sdk/mz_basic_system_top_hw_platform_0/ps7_init.tcl
targets -set -filter {name =~"APU" && jtag_cable_name =~ "Platform Cable USB 00000000000000"} -index 0
loadhw M:/MZ_7010_Basic_System/MZ_Basic_System.sdk/mz_basic_system_top_hw_platform_0/system.hdf
targets -set -filter {name =~"APU" && jtag_cable_name =~ "Platform Cable USB 00000000000000"} -index 0
stop
ps7_init
ps7_post_config
con
targets -set -nocase -filter {name =~ "ARM*#0" && jtag_cable_name =~ "Platform Cable USB 00000000000000"} -index 0
rst -processor
targets -set -nocase -filter {name =~ "ARM*#0" && jtag_cable_name =~ "Platform Cable USB 00000000000000"} -index 0
dow M:/MZ_7010_Basic_System/MZ_Basic_System.sdk/test_shared_mem/Debug/test_shared_mem.elf
----------------End of Script----------------

16:10:46 INFO  : Memory regions updated for context APU
16:10:46 INFO  : Context for processor 'ps7_cortexa9_0' is selected.
16:10:46 INFO  : 'con' command is executed.
16:10:46 INFO  : ----------------XSDB Script (After Launch)----------------
targets -set -nocase -filter {name =~ "ARM*#0" && jtag_cable_name =~ "Platform Cable USB 00000000000000"} -index 0
con
----------------End of Script----------------

16:11:08 INFO  : Launching XSDB server: xsdb.bat C:/Xilinx/SDK/2015.4/scripts/xsdb/xsdb/xsdb-server.tcl
